<?xml version="1.0" encoding="UTF-8"?>
<testsuites name="Register" time="41.726" tests="1" failures="0" errors="0">
   <testsuite name="Register" tests="1" failures="0" errors="0" time="41.726" skipped="0" timestamp="2021-11-06 10:38:52" hostname="muhammadyaasin - localhost" id="Test Suites/Apk/Register">
      <properties>
         <property name="deviceName" value="vivo V2022 (Android 11)"/>
         <property name="devicePlatform" value=""/>
         <property name="logFolder" value="/Users/muhammadyaasin/Katalon Studio/SehatQ/Reports/20211106_103842/Apk/Register/20211106_103842"/>
         <property name="logFiles" value="/Users/muhammadyaasin/Katalon Studio/SehatQ/Reports/20211106_103842/Apk/Register/20211106_103842/execution0.log, /Users/muhammadyaasin/Katalon Studio/SehatQ/Reports/20211106_103842/Apk/Register/20211106_103842/appium.log"/>
         <property name="attachments" value=""/>
         <property name="hostName" value="muhammadyaasin - localhost"/>
         <property name="os" value="Mac OS X 64bit"/>
         <property name="appiumServerStatus" value="{&quot;value&quot;:{&quot;build&quot;:{&quot;version&quot;:&quot;1.22.0&quot;}},&quot;sessionId&quot;:null,&quot;status&quot;:0}"/>
         <property name="katalonVersion" value="8.1.0.208"/>
         <property name="deviceOS" value="Android"/>
         <property name="appiumVersion" value="1.22.0"/>
         <property name="deviceModel" value="V2022"/>
         <property name="hostAddress" value="127.0.0.1"/>
         <property name="deviceManufacturer" value="vivo"/>
         <property name="deviceId" value="db3027ce"/>
         <property name="deviceName" value="vivo V2022 (Android 11)"/>
         <property name="deviceOSVersion" value="11"/>
      </properties>
      <testcase name="Test Cases/APK SehatQ/Register" time="40.701" classname="Test Cases/APK SehatQ/Register" status="PASSED">
         <system-out><![CDATA[2021-11-06 10:38:52 - [TEST_CASE][PASSED] - Test Cases/APK SehatQ/Register: Test Cases/APK SehatQ/Register

2021-11-06 10:38:52 - [TEST_STEP][PASSED] - startExistingApplication("com.she.sehatq", STOP_ON_FAILURE): Starting app with application ID: 'com.she.sehatq'

2021-11-06 10:38:54 - [MESSAGE][INFO] - Appium server started on port 56,639

2021-11-06 10:39:07 - [MESSAGE][PASSED] - Starting app with application ID: 'com.she.sehatq'

2021-11-06 10:39:07 - [TEST_STEP][PASSED] - tap(findTestObject("OR APK/Aktifkan_Lokasi_Tidak"), 10): Tapped on element 'Object Repository/OR APK/Aktifkan_Lokasi_Tidak'

2021-11-06 10:39:12 - [MESSAGE][PASSED] - Tapped on element 'Object Repository/OR APK/Aktifkan_Lokasi_Tidak'

2021-11-06 10:39:12 - [TEST_STEP][PASSED] - tap(findTestObject("OR APK/Klik_Profile"), 10): Tapped on element 'Object Repository/OR APK/Klik_Profile'

2021-11-06 10:39:13 - [MESSAGE][PASSED] - Tapped on element 'Object Repository/OR APK/Klik_Profile'

2021-11-06 10:39:13 - [TEST_STEP][PASSED] - tap(findTestObject("OR APK/Klik_Daftar"), 10): Tapped on element 'Object Repository/OR APK/Klik_Daftar'

2021-11-06 10:39:15 - [MESSAGE][PASSED] - Tapped on element 'Object Repository/OR APK/Klik_Daftar'

2021-11-06 10:39:15 - [TEST_STEP][PASSED] - setText(findTestObject("OR APK/Isi_Nama_Lengkap"), Nama_Lengkap, 10): Text 'coba' has been set to element 'Object Repository/OR APK/Isi_Nama_Lengkap'

2021-11-06 10:39:18 - [MESSAGE][PASSED] - Text 'coba' has been set to element 'Object Repository/OR APK/Isi_Nama_Lengkap'

2021-11-06 10:39:18 - [TEST_STEP][PASSED] - setText(findTestObject("OR APK/Isi_Email_Registrasi"), Input_Email, 10): Text 'a223@mail.com' has been set to element 'Object Repository/OR APK/Isi_Email_Registrasi'

2021-11-06 10:39:19 - [MESSAGE][PASSED] - Text 'a223@mail.com' has been set to element 'Object Repository/OR APK/Isi_Email_Registrasi'

2021-11-06 10:39:19 - [TEST_STEP][PASSED] - setText(findTestObject("OR APK/Isi_Password_Register"), Input_Password, 10): Text '123456' has been set to element 'Object Repository/OR APK/Isi_Password_Register'

2021-11-06 10:39:21 - [MESSAGE][PASSED] - Text '123456' has been set to element 'Object Repository/OR APK/Isi_Password_Register'

2021-11-06 10:39:21 - [TEST_STEP][PASSED] - tap(findTestObject("OR APK/Check_Saya_Setuju_Daftar"), 10): Tapped on element 'Object Repository/OR APK/Check_Saya_Setuju_Daftar'

2021-11-06 10:39:22 - [MESSAGE][PASSED] - Tapped on element 'Object Repository/OR APK/Check_Saya_Setuju_Daftar'

2021-11-06 10:39:22 - [TEST_STEP][PASSED] - tap(findTestObject("OR APK/Klik_Button_daftar"), 10): Tapped on element 'Object Repository/OR APK/Klik_Button_daftar'

2021-11-06 10:39:23 - [MESSAGE][PASSED] - Tapped on element 'Object Repository/OR APK/Klik_Button_daftar'

2021-11-06 10:39:23 - [TEST_STEP][PASSED] - tap(findTestObject("OR APK/Klik_Lewati_after_Daftar"), 10): Tapped on element 'Object Repository/OR APK/Klik_Lewati_after_Daftar'

2021-11-06 10:39:27 - [MESSAGE][PASSED] - Tapped on element 'Object Repository/OR APK/Klik_Lewati_after_Daftar'

2021-11-06 10:39:27 - [TEST_STEP][PASSED] - tap(findTestObject("OR APK/Klik_Ya_Untuk_Yakin"), 10): Tapped on element 'Object Repository/OR APK/Klik_Ya_Untuk_Yakin'

2021-11-06 10:39:28 - [MESSAGE][PASSED] - Tapped on element 'Object Repository/OR APK/Klik_Ya_Untuk_Yakin'

2021-11-06 10:39:28 - [TEST_STEP][PASSED] - tap(findTestObject("OR APK/Klik_hamburger_Profile"), 10): Tapped on element 'Object Repository/OR APK/Klik_hamburger_Profile'

2021-11-06 10:39:30 - [MESSAGE][PASSED] - Tapped on element 'Object Repository/OR APK/Klik_hamburger_Profile'

2021-11-06 10:39:30 - [TEST_STEP][PASSED] - tap(findTestObject("OR APK/Klik_Pengaturan_Aplikasi"), 10): Tapped on element 'Object Repository/OR APK/Klik_Pengaturan_Aplikasi'

2021-11-06 10:39:31 - [MESSAGE][PASSED] - Tapped on element 'Object Repository/OR APK/Klik_Pengaturan_Aplikasi'

2021-11-06 10:39:31 - [TEST_STEP][PASSED] - tap(findTestObject("OR APK/Button_Logout"), 10): Tapped on element 'Object Repository/OR APK/Button_Logout'

2021-11-06 10:39:33 - [MESSAGE][PASSED] - Tapped on element 'Object Repository/OR APK/Button_Logout']]></system-out>
         <system-err><![CDATA[]]></system-err>
      </testcase>
      <system-out><![CDATA[2021-11-06 10:38:52 - [TEST_SUITE][PASSED] - Register: Test Cases/APK SehatQ/Register]]></system-out>
      <system-err><![CDATA[]]></system-err>
   </testsuite>
</testsuites>
