<?xml version="1.0" encoding="UTF-8"?>
<testsuites name="Cart" time="68.957" tests="1" failures="0" errors="0">
   <testsuite name="Cart" tests="1" failures="0" errors="0" time="68.957" skipped="0" timestamp="2021-11-04 22:35:54" hostname="muhammadyaasin - localhost" id="Test Suites/Web/Cart">
      <properties>
         <property name="deviceName" value=""/>
         <property name="devicePlatform" value=""/>
         <property name="logFolder" value="/Users/muhammadyaasin/Katalon Studio/SehatQ/Reports/20211104_223544/Web/Cart/20211104_223544"/>
         <property name="logFiles" value="/Users/muhammadyaasin/Katalon Studio/SehatQ/Reports/20211104_223544/Web/Cart/20211104_223544/execution0.log"/>
         <property name="attachments" value=""/>
         <property name="hostName" value="muhammadyaasin - localhost"/>
         <property name="os" value="Mac OS X 64bit"/>
         <property name="katalonVersion" value="8.1.0.208"/>
         <property name="browser" value="Chrome 95.0.4638.69"/>
         <property name="hostAddress" value="127.0.0.1"/>
         <property name="sessionId" value="39c6c920f1fa541d8f8db6de23f13f62"/>
         <property name="seleniumVersion" value="3.141.59"/>
         <property name="proxyInformation" value="ProxyInformation { proxyOption=NO_PROXY, proxyServerType=HTTP, username=, password=********, proxyServerAddress=, proxyServerPort=0, executionList=&quot;&quot;, isApplyToDesiredCapabilities=true }"/>
         <property name="platform" value="Mac OS X"/>
      </properties>
      <testcase name="Test Cases/Web SehatQ/Cart" time="68.122" classname="Test Cases/Web SehatQ/Cart" status="PASSED">
         <system-out><![CDATA[2021-11-04 22:35:54 - [TEST_CASE][PASSED] - Test Cases/Web SehatQ/Cart: Test Cases/Web SehatQ/Cart

2021-11-04 22:35:54 - [TEST_STEP][PASSED] - openBrowser("https://www.sehatq.com/"): Browser is opened with url: 'https://www.sehatq.com/'

2021-11-04 22:35:55 - [MESSAGE][INFO] - Starting 'Chrome' driver

2021-11-04 22:35:55 - [MESSAGE][INFO] - Action delay is set to 0 milliseconds

2021-11-04 22:35:59 - [MESSAGE][PASSED] - Browser is opened with url: 'https://www.sehatq.com/'

2021-11-04 22:35:59 - [TEST_STEP][PASSED] - maximizeWindow(): Current window maximized

2021-11-04 22:35:59 - [MESSAGE][PASSED] - Current window maximized

2021-11-04 22:35:59 - [TEST_STEP][PASSED] - click(findTestObject("OR_Website/Page_SehatQ  Portal Informasi Terbaru Seputar Coronavirus/Klik_Profile")): Object: 'Object Repository/OR_Website/Page_SehatQ  Portal Informasi Terbaru Seputar Coronavirus/Klik_Profile' is clicked on

2021-11-04 22:36:04 - [MESSAGE][PASSED] - Object: 'Object Repository/OR_Website/Page_SehatQ  Portal Informasi Terbaru Seputar Coronavirus/Klik_Profile' is clicked on

2021-11-04 22:36:04 - [TEST_STEP][PASSED] - setText(findTestObject("OR_Website/Page_SehatQ  Portal Informasi Terbaru Seputar Coronavirus/Input_Email_Login"), Email): Text 'a2@mail.com' is set on object 'Object Repository/OR_Website/Page_SehatQ  Portal Informasi Terbaru Seputar Coronavirus/Input_Email_Login'

2021-11-04 22:36:06 - [MESSAGE][PASSED] - Text 'a2@mail.com' is set on object 'Object Repository/OR_Website/Page_SehatQ  Portal Informasi Terbaru Seputar Coronavirus/Input_Email_Login'

2021-11-04 22:36:06 - [TEST_STEP][PASSED] - setText(findTestObject("OR_Website/Page_SehatQ  Portal Informasi Terbaru Seputar Coronavirus/Input_Password_Login"), Password): Text '123456' is set on object 'Object Repository/OR_Website/Page_SehatQ  Portal Informasi Terbaru Seputar Coronavirus/Input_Password_Login'

2021-11-04 22:36:07 - [MESSAGE][PASSED] - Text '123456' is set on object 'Object Repository/OR_Website/Page_SehatQ  Portal Informasi Terbaru Seputar Coronavirus/Input_Password_Login'

2021-11-04 22:36:07 - [TEST_STEP][PASSED] - click(findTestObject("OR_Website/Page_SehatQ  Portal Informasi Terbaru Seputar Coronavirus/button_Login")): Object: 'Object Repository/OR_Website/Page_SehatQ  Portal Informasi Terbaru Seputar Coronavirus/button_Login' is clicked on

2021-11-04 22:36:08 - [MESSAGE][PASSED] - Object: 'Object Repository/OR_Website/Page_SehatQ  Portal Informasi Terbaru Seputar Coronavirus/button_Login' is clicked on

2021-11-04 22:36:08 - [TEST_STEP][PASSED] - click(findTestObject("OR_Website/Page_SehatQ  Portal Informasi Terbaru Seputar Coronavirus/Select_Cart")): Object: 'Object Repository/OR_Website/Page_SehatQ  Portal Informasi Terbaru Seputar Coronavirus/Select_Cart' is clicked on

2021-11-04 22:36:16 - [MESSAGE][PASSED] - Object: 'Object Repository/OR_Website/Page_SehatQ  Portal Informasi Terbaru Seputar Coronavirus/Select_Cart' is clicked on

2021-11-04 22:36:16 - [TEST_STEP][PASSED] - click(findTestObject("OR_Website/Page_SehatQ  Portal Informasi Terbaru Seputar Coronavirus/button_Belanja Sekarang")): Object: 'Object Repository/OR_Website/Page_SehatQ  Portal Informasi Terbaru Seputar Coronavirus/button_Belanja Sekarang' is clicked on

2021-11-04 22:36:46 - [MESSAGE][PASSED] - Object: 'Object Repository/OR_Website/Page_SehatQ  Portal Informasi Terbaru Seputar Coronavirus/button_Belanja Sekarang' is clicked on

2021-11-04 22:36:46 - [TEST_STEP][PASSED] - click(findTestObject("OR_Website/Page_SehatQ  Portal Informasi Terbaru Seputar Coronavirus/Select_Jenis_Product")): Object: 'Object Repository/OR_Website/Page_SehatQ  Portal Informasi Terbaru Seputar Coronavirus/Select_Jenis_Product' is clicked on

2021-11-04 22:36:54 - [MESSAGE][PASSED] - Object: 'Object Repository/OR_Website/Page_SehatQ  Portal Informasi Terbaru Seputar Coronavirus/Select_Jenis_Product' is clicked on

2021-11-04 22:36:54 - [TEST_STEP][PASSED] - click(findTestObject("OR_Website/Page_SehatQ  Portal Informasi Terbaru Seputar Coronavirus/Pilih_Product")): Object: 'Object Repository/OR_Website/Page_SehatQ  Portal Informasi Terbaru Seputar Coronavirus/Pilih_Product' is clicked on

2021-11-04 22:36:56 - [MESSAGE][PASSED] - Object: 'Object Repository/OR_Website/Page_SehatQ  Portal Informasi Terbaru Seputar Coronavirus/Pilih_Product' is clicked on

2021-11-04 22:36:56 - [TEST_STEP][PASSED] - click(findTestObject("OR_Website/Page_SehatQ  Portal Informasi Terbaru Seputar Coronavirus/button_Keranjang")): Object: 'Object Repository/OR_Website/Page_SehatQ  Portal Informasi Terbaru Seputar Coronavirus/button_Keranjang' is clicked on

2021-11-04 22:36:59 - [MESSAGE][PASSED] - Object: 'Object Repository/OR_Website/Page_SehatQ  Portal Informasi Terbaru Seputar Coronavirus/button_Keranjang' is clicked on

2021-11-04 22:36:59 - [TEST_STEP][PASSED] - delay(3): Delayed 3 second(s)

2021-11-04 22:37:02 - [MESSAGE][PASSED] - Delayed 3 second(s)]]></system-out>
         <system-err><![CDATA[]]></system-err>
      </testcase>
      <system-out><![CDATA[2021-11-04 22:35:54 - [TEST_SUITE][PASSED] - Cart: Test Cases/Web SehatQ/Cart]]></system-out>
      <system-err><![CDATA[]]></system-err>
   </testsuite>
</testsuites>
