<?xml version="1.0" encoding="UTF-8"?>
<testsuites name="Login" time="74.095" tests="4" failures="0" errors="0">
   <testsuite name="Login" tests="4" failures="0" errors="0" time="74.095" skipped="0" timestamp="2021-11-04 22:06:12" hostname="muhammadyaasin - localhost" id="Test Suites/Web/Login">
      <properties>
         <property name="deviceName" value=""/>
         <property name="devicePlatform" value=""/>
         <property name="logFolder" value="/Users/muhammadyaasin/Katalon Studio/SehatQ/Reports/20211104_220601/Web/Login/20211104_220601"/>
         <property name="logFiles" value="/Users/muhammadyaasin/Katalon Studio/SehatQ/Reports/20211104_220601/Web/Login/20211104_220601/execution0.log"/>
         <property name="attachments" value=""/>
         <property name="hostName" value="muhammadyaasin - localhost"/>
         <property name="os" value="Mac OS X 64bit"/>
         <property name="katalonVersion" value="8.1.0.208"/>
         <property name="browser" value="Chrome 95.0.4638.69"/>
         <property name="hostAddress" value="127.0.0.1"/>
         <property name="sessionId" value="258838430f76a47984acfc23ca94965e"/>
         <property name="seleniumVersion" value="3.141.59"/>
         <property name="proxyInformation" value="ProxyInformation { proxyOption=NO_PROXY, proxyServerType=HTTP, username=, password=********, proxyServerAddress=, proxyServerPort=0, executionList=&quot;&quot;, isApplyToDesiredCapabilities=true }"/>
         <property name="platform" value="Mac OS X"/>
      </properties>
      <testcase name="Test Cases/Web SehatQ/Login" time="15.086" classname="Test Cases/Web SehatQ/Login" status="PASSED">
         <system-out><![CDATA[2021-11-04 22:06:12 - [TEST_CASE][PASSED] - Test Cases/Web SehatQ/Login: Test Cases/Web SehatQ/Login

2021-11-04 22:06:12 - [TEST_STEP][PASSED] - openBrowser("https://www.sehatq.com/"): Browser is opened with url: 'https://www.sehatq.com/'

2021-11-04 22:06:12 - [MESSAGE][INFO] - Starting 'Chrome' driver

2021-11-04 22:06:12 - [MESSAGE][INFO] - Action delay is set to 0 milliseconds

2021-11-04 22:06:18 - [MESSAGE][PASSED] - Browser is opened with url: 'https://www.sehatq.com/'

2021-11-04 22:06:18 - [TEST_STEP][PASSED] - maximizeWindow(): Current window maximized

2021-11-04 22:06:20 - [MESSAGE][PASSED] - Current window maximized

2021-11-04 22:06:20 - [TEST_STEP][PASSED] - click(findTestObject("OR_Website/Page_SehatQ  Portal Informasi Terbaru Seputar Coronavirus/Klik_Profile")): Object: 'Object Repository/OR_Website/Page_SehatQ  Portal Informasi Terbaru Seputar Coronavirus/Klik_Profile' is clicked on

2021-11-04 22:06:22 - [MESSAGE][PASSED] - Object: 'Object Repository/OR_Website/Page_SehatQ  Portal Informasi Terbaru Seputar Coronavirus/Klik_Profile' is clicked on

2021-11-04 22:06:22 - [TEST_STEP][PASSED] - setText(findTestObject("OR_Website/Page_SehatQ  Portal Informasi Terbaru Seputar Coronavirus/Input_Email_Login"), Email): Text 'a2@mail.com' is set on object 'Object Repository/OR_Website/Page_SehatQ  Portal Informasi Terbaru Seputar Coronavirus/Input_Email_Login'

2021-11-04 22:06:24 - [MESSAGE][PASSED] - Text 'a2@mail.com' is set on object 'Object Repository/OR_Website/Page_SehatQ  Portal Informasi Terbaru Seputar Coronavirus/Input_Email_Login'

2021-11-04 22:06:24 - [TEST_STEP][PASSED] - setText(findTestObject("OR_Website/Page_SehatQ  Portal Informasi Terbaru Seputar Coronavirus/Input_Password_Login"), Password): Text '123564' is set on object 'Object Repository/OR_Website/Page_SehatQ  Portal Informasi Terbaru Seputar Coronavirus/Input_Password_Login'

2021-11-04 22:06:26 - [MESSAGE][PASSED] - Text '123564' is set on object 'Object Repository/OR_Website/Page_SehatQ  Portal Informasi Terbaru Seputar Coronavirus/Input_Password_Login'

2021-11-04 22:06:26 - [TEST_STEP][PASSED] - click(findTestObject("OR_Website/Page_SehatQ  Portal Informasi Terbaru Seputar Coronavirus/button_Login")): Object: 'Object Repository/OR_Website/Page_SehatQ  Portal Informasi Terbaru Seputar Coronavirus/button_Login' is clicked on

2021-11-04 22:06:27 - [MESSAGE][PASSED] - Object: 'Object Repository/OR_Website/Page_SehatQ  Portal Informasi Terbaru Seputar Coronavirus/button_Login' is clicked on

2021-11-04 22:06:27 - [TEST_STEP][PASSED] - if (Action == "Gagal"): email salah

2021-11-04 22:06:27 - [TEST_STEP][PASSED] - comment("email salah"): email salah

2021-11-04 22:06:27 - [MESSAGE][INFO] - email salah]]></system-out>
         <system-err><![CDATA[]]></system-err>
      </testcase>
      <testcase name="Test Cases/Web SehatQ/Login" time="11.39" classname="Test Cases/Web SehatQ/Login" status="PASSED">
         <system-out><![CDATA[2021-11-04 22:06:27 - [TEST_CASE][PASSED] - Test Cases/Web SehatQ/Login: Test Cases/Web SehatQ/Login

2021-11-04 22:06:27 - [TEST_STEP][PASSED] - openBrowser("https://www.sehatq.com/"): Browser is opened with url: 'https://www.sehatq.com/'

2021-11-04 22:06:27 - [MESSAGE][WARNING] - A browser is already opened. Closing browser and opening a new one

2021-11-04 22:06:27 - [MESSAGE][INFO] - Starting 'Chrome' driver

2021-11-04 22:06:27 - [MESSAGE][INFO] - Action delay is set to 0 milliseconds

2021-11-04 22:06:32 - [MESSAGE][PASSED] - Browser is opened with url: 'https://www.sehatq.com/'

2021-11-04 22:06:32 - [TEST_STEP][PASSED] - maximizeWindow(): Current window maximized

2021-11-04 22:06:33 - [MESSAGE][PASSED] - Current window maximized

2021-11-04 22:06:33 - [TEST_STEP][PASSED] - click(findTestObject("OR_Website/Page_SehatQ  Portal Informasi Terbaru Seputar Coronavirus/Klik_Profile")): Object: 'Object Repository/OR_Website/Page_SehatQ  Portal Informasi Terbaru Seputar Coronavirus/Klik_Profile' is clicked on

2021-11-04 22:06:35 - [MESSAGE][PASSED] - Object: 'Object Repository/OR_Website/Page_SehatQ  Portal Informasi Terbaru Seputar Coronavirus/Klik_Profile' is clicked on

2021-11-04 22:06:35 - [TEST_STEP][PASSED] - setText(findTestObject("OR_Website/Page_SehatQ  Portal Informasi Terbaru Seputar Coronavirus/Input_Email_Login"), Email): Text 'a@mail.com' is set on object 'Object Repository/OR_Website/Page_SehatQ  Portal Informasi Terbaru Seputar Coronavirus/Input_Email_Login'

2021-11-04 22:06:36 - [MESSAGE][PASSED] - Text 'a@mail.com' is set on object 'Object Repository/OR_Website/Page_SehatQ  Portal Informasi Terbaru Seputar Coronavirus/Input_Email_Login'

2021-11-04 22:06:36 - [TEST_STEP][PASSED] - setText(findTestObject("OR_Website/Page_SehatQ  Portal Informasi Terbaru Seputar Coronavirus/Input_Password_Login"), Password): Text '123456' is set on object 'Object Repository/OR_Website/Page_SehatQ  Portal Informasi Terbaru Seputar Coronavirus/Input_Password_Login'

2021-11-04 22:06:38 - [MESSAGE][PASSED] - Text '123456' is set on object 'Object Repository/OR_Website/Page_SehatQ  Portal Informasi Terbaru Seputar Coronavirus/Input_Password_Login'

2021-11-04 22:06:38 - [TEST_STEP][PASSED] - click(findTestObject("OR_Website/Page_SehatQ  Portal Informasi Terbaru Seputar Coronavirus/button_Login")): Object: 'Object Repository/OR_Website/Page_SehatQ  Portal Informasi Terbaru Seputar Coronavirus/button_Login' is clicked on

2021-11-04 22:06:38 - [MESSAGE][PASSED] - Object: 'Object Repository/OR_Website/Page_SehatQ  Portal Informasi Terbaru Seputar Coronavirus/button_Login' is clicked on

2021-11-04 22:06:38 - [TEST_STEP][PASSED] - if (Action == "Gagal"): email salah

2021-11-04 22:06:38 - [TEST_STEP][PASSED] - comment("email salah"): email salah

2021-11-04 22:06:38 - [MESSAGE][INFO] - email salah]]></system-out>
         <system-err><![CDATA[]]></system-err>
      </testcase>
      <testcase name="Test Cases/Web SehatQ/Login" time="13.045" classname="Test Cases/Web SehatQ/Login" status="PASSED">
         <system-out><![CDATA[2021-11-04 22:06:38 - [TEST_CASE][PASSED] - Test Cases/Web SehatQ/Login: Test Cases/Web SehatQ/Login

2021-11-04 22:06:38 - [TEST_STEP][PASSED] - openBrowser("https://www.sehatq.com/"): Browser is opened with url: 'https://www.sehatq.com/'

2021-11-04 22:06:38 - [MESSAGE][WARNING] - A browser is already opened. Closing browser and opening a new one

2021-11-04 22:06:39 - [MESSAGE][INFO] - Starting 'Chrome' driver

2021-11-04 22:06:39 - [MESSAGE][INFO] - Action delay is set to 0 milliseconds

2021-11-04 22:06:42 - [MESSAGE][PASSED] - Browser is opened with url: 'https://www.sehatq.com/'

2021-11-04 22:06:42 - [TEST_STEP][PASSED] - maximizeWindow(): Current window maximized

2021-11-04 22:06:42 - [MESSAGE][PASSED] - Current window maximized

2021-11-04 22:06:42 - [TEST_STEP][PASSED] - click(findTestObject("OR_Website/Page_SehatQ  Portal Informasi Terbaru Seputar Coronavirus/Klik_Profile")): Object: 'Object Repository/OR_Website/Page_SehatQ  Portal Informasi Terbaru Seputar Coronavirus/Klik_Profile' is clicked on

2021-11-04 22:06:47 - [MESSAGE][PASSED] - Object: 'Object Repository/OR_Website/Page_SehatQ  Portal Informasi Terbaru Seputar Coronavirus/Klik_Profile' is clicked on

2021-11-04 22:06:47 - [TEST_STEP][PASSED] - setText(findTestObject("OR_Website/Page_SehatQ  Portal Informasi Terbaru Seputar Coronavirus/Input_Email_Login"), Email): Text 'a25@mail.com' is set on object 'Object Repository/OR_Website/Page_SehatQ  Portal Informasi Terbaru Seputar Coronavirus/Input_Email_Login'

2021-11-04 22:06:49 - [MESSAGE][PASSED] - Text 'a25@mail.com' is set on object 'Object Repository/OR_Website/Page_SehatQ  Portal Informasi Terbaru Seputar Coronavirus/Input_Email_Login'

2021-11-04 22:06:49 - [TEST_STEP][PASSED] - setText(findTestObject("OR_Website/Page_SehatQ  Portal Informasi Terbaru Seputar Coronavirus/Input_Password_Login"), Password): Text '123456' is set on object 'Object Repository/OR_Website/Page_SehatQ  Portal Informasi Terbaru Seputar Coronavirus/Input_Password_Login'

2021-11-04 22:06:51 - [MESSAGE][PASSED] - Text '123456' is set on object 'Object Repository/OR_Website/Page_SehatQ  Portal Informasi Terbaru Seputar Coronavirus/Input_Password_Login'

2021-11-04 22:06:51 - [TEST_STEP][PASSED] - click(findTestObject("OR_Website/Page_SehatQ  Portal Informasi Terbaru Seputar Coronavirus/button_Login")): Object: 'Object Repository/OR_Website/Page_SehatQ  Portal Informasi Terbaru Seputar Coronavirus/button_Login' is clicked on

2021-11-04 22:06:52 - [MESSAGE][PASSED] - Object: 'Object Repository/OR_Website/Page_SehatQ  Portal Informasi Terbaru Seputar Coronavirus/button_Login' is clicked on

2021-11-04 22:06:52 - [TEST_STEP][PASSED] - if (Action == "Gagal"): email salah

2021-11-04 22:06:52 - [TEST_STEP][PASSED] - comment("email salah"): email salah

2021-11-04 22:06:52 - [MESSAGE][INFO] - email salah]]></system-out>
         <system-err><![CDATA[]]></system-err>
      </testcase>
      <testcase name="Test Cases/Web SehatQ/Login" time="33.111" classname="Test Cases/Web SehatQ/Login" status="PASSED">
         <system-out><![CDATA[2021-11-04 22:06:52 - [TEST_CASE][PASSED] - Test Cases/Web SehatQ/Login: Test Cases/Web SehatQ/Login

2021-11-04 22:06:52 - [TEST_STEP][PASSED] - openBrowser("https://www.sehatq.com/"): Browser is opened with url: 'https://www.sehatq.com/'

2021-11-04 22:06:52 - [MESSAGE][WARNING] - A browser is already opened. Closing browser and opening a new one

2021-11-04 22:06:52 - [MESSAGE][INFO] - Starting 'Chrome' driver

2021-11-04 22:06:52 - [MESSAGE][INFO] - Action delay is set to 0 milliseconds

2021-11-04 22:06:55 - [MESSAGE][PASSED] - Browser is opened with url: 'https://www.sehatq.com/'

2021-11-04 22:06:55 - [TEST_STEP][PASSED] - maximizeWindow(): Current window maximized

2021-11-04 22:06:55 - [MESSAGE][PASSED] - Current window maximized

2021-11-04 22:06:55 - [TEST_STEP][PASSED] - click(findTestObject("OR_Website/Page_SehatQ  Portal Informasi Terbaru Seputar Coronavirus/Klik_Profile")): Object: 'Object Repository/OR_Website/Page_SehatQ  Portal Informasi Terbaru Seputar Coronavirus/Klik_Profile' is clicked on

2021-11-04 22:07:00 - [MESSAGE][PASSED] - Object: 'Object Repository/OR_Website/Page_SehatQ  Portal Informasi Terbaru Seputar Coronavirus/Klik_Profile' is clicked on

2021-11-04 22:07:00 - [TEST_STEP][PASSED] - setText(findTestObject("OR_Website/Page_SehatQ  Portal Informasi Terbaru Seputar Coronavirus/Input_Email_Login"), Email): Text 'a2@mail.com' is set on object 'Object Repository/OR_Website/Page_SehatQ  Portal Informasi Terbaru Seputar Coronavirus/Input_Email_Login'

2021-11-04 22:07:02 - [MESSAGE][PASSED] - Text 'a2@mail.com' is set on object 'Object Repository/OR_Website/Page_SehatQ  Portal Informasi Terbaru Seputar Coronavirus/Input_Email_Login'

2021-11-04 22:07:02 - [TEST_STEP][PASSED] - setText(findTestObject("OR_Website/Page_SehatQ  Portal Informasi Terbaru Seputar Coronavirus/Input_Password_Login"), Password): Text '123456' is set on object 'Object Repository/OR_Website/Page_SehatQ  Portal Informasi Terbaru Seputar Coronavirus/Input_Password_Login'

2021-11-04 22:07:04 - [MESSAGE][PASSED] - Text '123456' is set on object 'Object Repository/OR_Website/Page_SehatQ  Portal Informasi Terbaru Seputar Coronavirus/Input_Password_Login'

2021-11-04 22:07:04 - [TEST_STEP][PASSED] - click(findTestObject("OR_Website/Page_SehatQ  Portal Informasi Terbaru Seputar Coronavirus/button_Login")): Object: 'Object Repository/OR_Website/Page_SehatQ  Portal Informasi Terbaru Seputar Coronavirus/button_Login' is clicked on

2021-11-04 22:07:05 - [MESSAGE][PASSED] - Object: 'Object Repository/OR_Website/Page_SehatQ  Portal Informasi Terbaru Seputar Coronavirus/button_Login' is clicked on

2021-11-04 22:07:05 - [TEST_STEP][PASSED] - if (Action == "Gagal"): null

2021-11-04 22:07:05 - [TEST_STEP][PASSED] - else if (Action == "Gagal"): null

2021-11-04 22:07:05 - [TEST_STEP][PASSED] - else if (Action == "Gagal"): null

2021-11-04 22:07:05 - [TEST_STEP][PASSED] - else: Object: 'Object Repository/OR_Website/Page_SehatQ  Portal Informasi Terbaru Seputar Coronavirus/Log_Out' is clicked on

2021-11-04 22:07:05 - [TEST_STEP][PASSED] - click(findTestObject("OR_Website/Page_SehatQ  Portal Informasi Terbaru Seputar Coronavirus/Log_Out")): Object: 'Object Repository/OR_Website/Page_SehatQ  Portal Informasi Terbaru Seputar Coronavirus/Log_Out' is clicked on

2021-11-04 22:07:25 - [MESSAGE][PASSED] - Object: 'Object Repository/OR_Website/Page_SehatQ  Portal Informasi Terbaru Seputar Coronavirus/Log_Out' is clicked on]]></system-out>
         <system-err><![CDATA[]]></system-err>
      </testcase>
      <system-out><![CDATA[2021-11-04 22:06:12 - [TEST_SUITE][PASSED] - Login: Test Cases/Web SehatQ/Login]]></system-out>
      <system-err><![CDATA[]]></system-err>
   </testsuite>
</testsuites>
