<?xml version="1.0" encoding="UTF-8"?>
<testsuites name="Cart" time="38.993" tests="1" failures="0" errors="0">
   <testsuite name="Cart" tests="1" failures="0" errors="0" time="38.993" skipped="0" timestamp="2021-11-05 00:06:37" hostname="muhammadyaasin - localhost" id="Test Suites/Web/Cart">
      <properties>
         <property name="deviceName" value=""/>
         <property name="devicePlatform" value=""/>
         <property name="logFolder" value="/Users/muhammadyaasin/Katalon Studio/SehatQ/Reports/20211105_000626/Web/Cart/20211105_000627"/>
         <property name="logFiles" value="/Users/muhammadyaasin/Katalon Studio/SehatQ/Reports/20211105_000626/Web/Cart/20211105_000627/execution0.log"/>
         <property name="attachments" value=""/>
         <property name="hostName" value="muhammadyaasin - localhost"/>
         <property name="os" value="Mac OS X 64bit"/>
         <property name="katalonVersion" value="8.1.0.208"/>
         <property name="browser" value="Chrome 95.0.4638.69"/>
         <property name="hostAddress" value="127.0.0.1"/>
         <property name="sessionId" value="5ab5c657686929c10a9727811805933c"/>
         <property name="seleniumVersion" value="3.141.59"/>
         <property name="proxyInformation" value="ProxyInformation { proxyOption=NO_PROXY, proxyServerType=HTTP, username=, password=********, proxyServerAddress=, proxyServerPort=0, executionList=&quot;&quot;, isApplyToDesiredCapabilities=true }"/>
         <property name="platform" value="Mac OS X"/>
      </properties>
      <testcase name="Test Cases/Web SehatQ/Cart" time="38.188" classname="Test Cases/Web SehatQ/Cart" status="PASSED">
         <system-out><![CDATA[2021-11-05 00:06:37 - [TEST_CASE][PASSED] - Test Cases/Web SehatQ/Cart: Test Cases/Web SehatQ/Cart

2021-11-05 00:06:38 - [TEST_STEP][PASSED] - callTestCase(findTestCase("Web SehatQ/Setup"), [:], STOP_ON_FAILURE): Call Test Case 'Test Cases/Web SehatQ/Setup' successfully

2021-11-05 00:06:38 - [TEST_CASE][PASSED] - Test Cases/Web SehatQ/Setup: Test Cases/Web SehatQ/Setup

2021-11-05 00:06:38 - [TEST_STEP][PASSED] - openBrowser("https://www.sehatq.com/"): Browser is opened with url: 'https://www.sehatq.com/'

2021-11-05 00:06:38 - [MESSAGE][INFO] - Starting 'Chrome' driver

2021-11-05 00:06:38 - [MESSAGE][INFO] - Action delay is set to 0 milliseconds

2021-11-05 00:06:42 - [MESSAGE][PASSED] - Browser is opened with url: 'https://www.sehatq.com/'

2021-11-05 00:06:42 - [TEST_STEP][PASSED] - maximizeWindow(): Current window maximized

2021-11-05 00:06:42 - [MESSAGE][PASSED] - Current window maximized

2021-11-05 00:06:42 - [MESSAGE][PASSED] - Call Test Case 'Test Cases/Web SehatQ/Setup' successfully

2021-11-05 00:06:42 - [TEST_STEP][PASSED] - click(findTestObject("OR_Website/Page_SehatQ  Portal Informasi Terbaru Seputar Coronavirus/Klik_Profile")): Object: 'Object Repository/OR_Website/Page_SehatQ  Portal Informasi Terbaru Seputar Coronavirus/Klik_Profile' is clicked on

2021-11-05 00:06:47 - [MESSAGE][PASSED] - Object: 'Object Repository/OR_Website/Page_SehatQ  Portal Informasi Terbaru Seputar Coronavirus/Klik_Profile' is clicked on

2021-11-05 00:06:47 - [TEST_STEP][PASSED] - setText(findTestObject("OR_Website/Page_SehatQ  Portal Informasi Terbaru Seputar Coronavirus/Input_Email_Login"), Email): Text 'a2@mail.com' is set on object 'Object Repository/OR_Website/Page_SehatQ  Portal Informasi Terbaru Seputar Coronavirus/Input_Email_Login'

2021-11-05 00:06:49 - [MESSAGE][PASSED] - Text 'a2@mail.com' is set on object 'Object Repository/OR_Website/Page_SehatQ  Portal Informasi Terbaru Seputar Coronavirus/Input_Email_Login'

2021-11-05 00:06:49 - [TEST_STEP][PASSED] - setText(findTestObject("OR_Website/Page_SehatQ  Portal Informasi Terbaru Seputar Coronavirus/Input_Password_Login"), Password): Text '123456' is set on object 'Object Repository/OR_Website/Page_SehatQ  Portal Informasi Terbaru Seputar Coronavirus/Input_Password_Login'

2021-11-05 00:06:51 - [MESSAGE][PASSED] - Text '123456' is set on object 'Object Repository/OR_Website/Page_SehatQ  Portal Informasi Terbaru Seputar Coronavirus/Input_Password_Login'

2021-11-05 00:06:51 - [TEST_STEP][PASSED] - click(findTestObject("OR_Website/Page_SehatQ  Portal Informasi Terbaru Seputar Coronavirus/button_Login")): Object: 'Object Repository/OR_Website/Page_SehatQ  Portal Informasi Terbaru Seputar Coronavirus/button_Login' is clicked on

2021-11-05 00:06:52 - [MESSAGE][PASSED] - Object: 'Object Repository/OR_Website/Page_SehatQ  Portal Informasi Terbaru Seputar Coronavirus/button_Login' is clicked on

2021-11-05 00:06:52 - [TEST_STEP][PASSED] - waitForElementPresent(findTestObject("OR_Website/Page_SehatQ  Portal Informasi Terbaru Seputar Coronavirus/Select_Cart"), 3): Object 'Object Repository/OR_Website/Page_SehatQ  Portal Informasi Terbaru Seputar Coronavirus/Select_Cart' is present

2021-11-05 00:06:57 - [MESSAGE][PASSED] - Object 'Object Repository/OR_Website/Page_SehatQ  Portal Informasi Terbaru Seputar Coronavirus/Select_Cart' is present

2021-11-05 00:06:57 - [TEST_STEP][PASSED] - click(findTestObject("OR_Website/Page_SehatQ  Portal Informasi Terbaru Seputar Coronavirus/Select_Cart")): Object: 'Object Repository/OR_Website/Page_SehatQ  Portal Informasi Terbaru Seputar Coronavirus/Select_Cart' is clicked on

2021-11-05 00:06:59 - [MESSAGE][PASSED] - Object: 'Object Repository/OR_Website/Page_SehatQ  Portal Informasi Terbaru Seputar Coronavirus/Select_Cart' is clicked on

2021-11-05 00:06:59 - [TEST_STEP][PASSED] - click(findTestObject("OR_Website/Page_SehatQ  Portal Informasi Terbaru Seputar Coronavirus/button_Belanja Sekarang")): Object: 'Object Repository/OR_Website/Page_SehatQ  Portal Informasi Terbaru Seputar Coronavirus/button_Belanja Sekarang' is clicked on

2021-11-05 00:07:03 - [MESSAGE][PASSED] - Object: 'Object Repository/OR_Website/Page_SehatQ  Portal Informasi Terbaru Seputar Coronavirus/button_Belanja Sekarang' is clicked on

2021-11-05 00:07:03 - [TEST_STEP][PASSED] - click(findTestObject("OR_Website/Page_SehatQ  Portal Informasi Terbaru Seputar Coronavirus/Select_Jenis_Product")): Object: 'Object Repository/OR_Website/Page_SehatQ  Portal Informasi Terbaru Seputar Coronavirus/Select_Jenis_Product' is clicked on

2021-11-05 00:07:08 - [MESSAGE][PASSED] - Object: 'Object Repository/OR_Website/Page_SehatQ  Portal Informasi Terbaru Seputar Coronavirus/Select_Jenis_Product' is clicked on

2021-11-05 00:07:08 - [TEST_STEP][PASSED] - click(findTestObject("OR_Website/Page_SehatQ  Portal Informasi Terbaru Seputar Coronavirus/Pilih_Product")): Object: 'Object Repository/OR_Website/Page_SehatQ  Portal Informasi Terbaru Seputar Coronavirus/Pilih_Product' is clicked on

2021-11-05 00:07:10 - [MESSAGE][PASSED] - Object: 'Object Repository/OR_Website/Page_SehatQ  Portal Informasi Terbaru Seputar Coronavirus/Pilih_Product' is clicked on

2021-11-05 00:07:10 - [TEST_STEP][PASSED] - click(findTestObject("OR_Website/Page_SehatQ  Portal Informasi Terbaru Seputar Coronavirus/button_Keranjang")): Object: 'Object Repository/OR_Website/Page_SehatQ  Portal Informasi Terbaru Seputar Coronavirus/button_Keranjang' is clicked on

2021-11-05 00:07:12 - [MESSAGE][PASSED] - Object: 'Object Repository/OR_Website/Page_SehatQ  Portal Informasi Terbaru Seputar Coronavirus/button_Keranjang' is clicked on

2021-11-05 00:07:12 - [TEST_STEP][PASSED] - delay(3): Delayed 3 second(s)

2021-11-05 00:07:15 - [MESSAGE][PASSED] - Delayed 3 second(s)]]></system-out>
         <system-err><![CDATA[]]></system-err>
      </testcase>
      <system-out><![CDATA[2021-11-05 00:06:37 - [TEST_SUITE][PASSED] - Cart: Test Cases/Web SehatQ/Cart]]></system-out>
      <system-err><![CDATA[]]></system-err>
   </testsuite>
</testsuites>
