<?xml version="1.0" encoding="UTF-8"?>
<testsuites name="Register_Login_Cart" time="60.695" tests="2" failures="0" errors="0">
   <testsuite name="Register_Login_Cart" tests="2" failures="0" errors="0" time="60.695" skipped="0" timestamp="2021-11-03 23:03:44" hostname="muhammadyaasin - localhost" id="Test Suites/Web/Register_Login_Cart">
      <properties>
         <property name="deviceName" value=""/>
         <property name="devicePlatform" value=""/>
         <property name="logFolder" value="/Users/muhammadyaasin/Katalon Studio/SehatQ/Reports/20211103_230333/Web/Register_Login_Cart/20211103_230334"/>
         <property name="logFiles" value="/Users/muhammadyaasin/Katalon Studio/SehatQ/Reports/20211103_230333/Web/Register_Login_Cart/20211103_230334/execution0.log"/>
         <property name="attachments" value=""/>
         <property name="hostName" value="muhammadyaasin - localhost"/>
         <property name="os" value="Mac OS X 64bit"/>
         <property name="katalonVersion" value="8.1.0.208"/>
         <property name="browser" value="Chrome 95.0.4638.69"/>
         <property name="hostAddress" value="127.0.0.1"/>
         <property name="sessionId" value="254cbc11eb0bceee172565c227de1e2c"/>
         <property name="seleniumVersion" value="3.141.59"/>
         <property name="proxyInformation" value="ProxyInformation { proxyOption=NO_PROXY, proxyServerType=HTTP, username=, password=********, proxyServerAddress=, proxyServerPort=0, executionList=&quot;&quot;, isApplyToDesiredCapabilities=true }"/>
         <property name="platform" value="Mac OS X"/>
      </properties>
      <testcase name="Test Cases/Web SehatQ/Register_Login_Cart" time="22.898" classname="Test Cases/Web SehatQ/Register_Login_Cart" status="PASSED">
         <system-out><![CDATA[2021-11-03 23:03:44 - [TEST_CASE][PASSED] - Test Cases/Web SehatQ/Register_Login_Cart: Test Cases/Web SehatQ/Register_Login_Cart

2021-11-03 23:03:45 - [TEST_STEP][PASSED] - openBrowser("https://www.sehatq.com/"): Browser is opened with url: 'https://www.sehatq.com/'

2021-11-03 23:03:45 - [MESSAGE][INFO] - Starting 'Chrome' driver

2021-11-03 23:03:45 - [MESSAGE][INFO] - Action delay is set to 0 milliseconds

2021-11-03 23:03:50 - [MESSAGE][PASSED] - Browser is opened with url: 'https://www.sehatq.com/'

2021-11-03 23:03:50 - [TEST_STEP][PASSED] - maximizeWindow(): Current window maximized

2021-11-03 23:03:50 - [MESSAGE][PASSED] - Current window maximized

2021-11-03 23:03:50 - [TEST_STEP][PASSED] - click(findTestObject("OR_Website/Page_SehatQ  Portal Informasi Terbaru Seputar Coronavirus/Klik_Profile")): Object: 'Object Repository/OR_Website/Page_SehatQ  Portal Informasi Terbaru Seputar Coronavirus/Klik_Profile' is clicked on

2021-11-03 23:03:54 - [MESSAGE][PASSED] - Object: 'Object Repository/OR_Website/Page_SehatQ  Portal Informasi Terbaru Seputar Coronavirus/Klik_Profile' is clicked on

2021-11-03 23:03:54 - [TEST_STEP][PASSED] - click(findTestObject("OR_Website/Page_SehatQ  Portal Informasi Terbaru Seputar Coronavirus/Klik_Daftar")): Object: 'Object Repository/OR_Website/Page_SehatQ  Portal Informasi Terbaru Seputar Coronavirus/Klik_Daftar' is clicked on

2021-11-03 23:03:55 - [MESSAGE][PASSED] - Object: 'Object Repository/OR_Website/Page_SehatQ  Portal Informasi Terbaru Seputar Coronavirus/Klik_Daftar' is clicked on

2021-11-03 23:03:55 - [TEST_STEP][PASSED] - setText(findTestObject("OR_Website/Page_SehatQ  Portal Informasi Terbaru Seputar Coronavirus/Input_Nama_Lengkap"), Input_Nama_Lengkap): Text 'cobalagi' is set on object 'Object Repository/OR_Website/Page_SehatQ  Portal Informasi Terbaru Seputar Coronavirus/Input_Nama_Lengkap'

2021-11-03 23:03:57 - [MESSAGE][PASSED] - Text 'cobalagi' is set on object 'Object Repository/OR_Website/Page_SehatQ  Portal Informasi Terbaru Seputar Coronavirus/Input_Nama_Lengkap'

2021-11-03 23:03:57 - [TEST_STEP][PASSED] - setText(findTestObject("OR_Website/Page_SehatQ  Portal Informasi Terbaru Seputar Coronavirus/Input_Email"), Input_Email): Text 'coba7@mail.com' is set on object 'Object Repository/OR_Website/Page_SehatQ  Portal Informasi Terbaru Seputar Coronavirus/Input_Email'

2021-11-03 23:03:59 - [MESSAGE][PASSED] - Text 'coba7@mail.com' is set on object 'Object Repository/OR_Website/Page_SehatQ  Portal Informasi Terbaru Seputar Coronavirus/Input_Email'

2021-11-03 23:03:59 - [TEST_STEP][PASSED] - setText(findTestObject("OR_Website/Page_SehatQ  Portal Informasi Terbaru Seputar Coronavirus/Input_Password_Email"), Input_Password_Email): Text '123456' is set on object 'Object Repository/OR_Website/Page_SehatQ  Portal Informasi Terbaru Seputar Coronavirus/Input_Password_Email'

2021-11-03 23:04:00 - [MESSAGE][PASSED] - Text '123456' is set on object 'Object Repository/OR_Website/Page_SehatQ  Portal Informasi Terbaru Seputar Coronavirus/Input_Password_Email'

2021-11-03 23:04:00 - [TEST_STEP][PASSED] - click(findTestObject("OR_Website/Page_SehatQ  Portal Informasi Terbaru Seputar Coronavirus/View_Password")): Object: 'Object Repository/OR_Website/Page_SehatQ  Portal Informasi Terbaru Seputar Coronavirus/View_Password' is clicked on

2021-11-03 23:04:00 - [MESSAGE][PASSED] - Object: 'Object Repository/OR_Website/Page_SehatQ  Portal Informasi Terbaru Seputar Coronavirus/View_Password' is clicked on

2021-11-03 23:04:00 - [TEST_STEP][PASSED] - check(findTestObject("OR_Website/Page_SehatQ  Portal Informasi Terbaru Seputar Coronavirus/Click_Saya menyetujui Ketentuan dan Kebijakan Privasi di SehatQ")): Object 'Object Repository/OR_Website/Page_SehatQ  Portal Informasi Terbaru Seputar Coronavirus/Click_Saya menyetujui Ketentuan dan Kebijakan Privasi di SehatQ' is checked

2021-11-03 23:04:01 - [MESSAGE][PASSED] - Object 'Object Repository/OR_Website/Page_SehatQ  Portal Informasi Terbaru Seputar Coronavirus/Click_Saya menyetujui Ketentuan dan Kebijakan Privasi di SehatQ' is checked

2021-11-03 23:04:01 - [TEST_STEP][PASSED] - click(findTestObject("OR_Website/Page_SehatQ  Portal Informasi Terbaru Seputar Coronavirus/Button_Daftar")): Object: 'Object Repository/OR_Website/Page_SehatQ  Portal Informasi Terbaru Seputar Coronavirus/Button_Daftar' is clicked on

2021-11-03 23:04:01 - [MESSAGE][PASSED] - Object: 'Object Repository/OR_Website/Page_SehatQ  Portal Informasi Terbaru Seputar Coronavirus/Button_Daftar' is clicked on

2021-11-03 23:04:01 - [TEST_STEP][PASSED] - delay(3): Delayed 3 second(s)

2021-11-03 23:04:04 - [MESSAGE][PASSED] - Delayed 3 second(s)

2021-11-03 23:04:04 - [TEST_STEP][PASSED] - if (Action == "sudah terdaftar"): Delayed 3 second(s)

2021-11-03 23:04:04 - [TEST_STEP][PASSED] - comment("sudah terdaftar"): sudah terdaftar

2021-11-03 23:04:04 - [MESSAGE][INFO] - sudah terdaftar

2021-11-03 23:04:04 - [TEST_STEP][PASSED] - delay(3): Delayed 3 second(s)

2021-11-03 23:04:07 - [MESSAGE][PASSED] - Delayed 3 second(s)]]></system-out>
         <system-err><![CDATA[]]></system-err>
      </testcase>
      <testcase name="Test Cases/Web SehatQ/Register_Login_Cart" time="36.784" classname="Test Cases/Web SehatQ/Register_Login_Cart" status="PASSED">
         <system-out><![CDATA[2021-11-03 23:04:07 - [TEST_CASE][PASSED] - Test Cases/Web SehatQ/Register_Login_Cart: Test Cases/Web SehatQ/Register_Login_Cart

2021-11-03 23:04:07 - [TEST_STEP][PASSED] - openBrowser("https://www.sehatq.com/"): Browser is opened with url: 'https://www.sehatq.com/'

2021-11-03 23:04:07 - [MESSAGE][WARNING] - A browser is already opened. Closing browser and opening a new one

2021-11-03 23:04:08 - [MESSAGE][INFO] - Starting 'Chrome' driver

2021-11-03 23:04:08 - [MESSAGE][INFO] - Action delay is set to 0 milliseconds

2021-11-03 23:04:11 - [MESSAGE][PASSED] - Browser is opened with url: 'https://www.sehatq.com/'

2021-11-03 23:04:11 - [TEST_STEP][PASSED] - maximizeWindow(): Current window maximized

2021-11-03 23:04:11 - [MESSAGE][PASSED] - Current window maximized

2021-11-03 23:04:11 - [TEST_STEP][PASSED] - click(findTestObject("OR_Website/Page_SehatQ  Portal Informasi Terbaru Seputar Coronavirus/Klik_Profile")): Object: 'Object Repository/OR_Website/Page_SehatQ  Portal Informasi Terbaru Seputar Coronavirus/Klik_Profile' is clicked on

2021-11-03 23:04:16 - [MESSAGE][PASSED] - Object: 'Object Repository/OR_Website/Page_SehatQ  Portal Informasi Terbaru Seputar Coronavirus/Klik_Profile' is clicked on

2021-11-03 23:04:16 - [TEST_STEP][PASSED] - click(findTestObject("OR_Website/Page_SehatQ  Portal Informasi Terbaru Seputar Coronavirus/Klik_Daftar")): Object: 'Object Repository/OR_Website/Page_SehatQ  Portal Informasi Terbaru Seputar Coronavirus/Klik_Daftar' is clicked on

2021-11-03 23:04:17 - [MESSAGE][PASSED] - Object: 'Object Repository/OR_Website/Page_SehatQ  Portal Informasi Terbaru Seputar Coronavirus/Klik_Daftar' is clicked on

2021-11-03 23:04:17 - [TEST_STEP][PASSED] - setText(findTestObject("OR_Website/Page_SehatQ  Portal Informasi Terbaru Seputar Coronavirus/Input_Nama_Lengkap"), Input_Nama_Lengkap): Text 'cobalagi' is set on object 'Object Repository/OR_Website/Page_SehatQ  Portal Informasi Terbaru Seputar Coronavirus/Input_Nama_Lengkap'

2021-11-03 23:04:18 - [MESSAGE][PASSED] - Text 'cobalagi' is set on object 'Object Repository/OR_Website/Page_SehatQ  Portal Informasi Terbaru Seputar Coronavirus/Input_Nama_Lengkap'

2021-11-03 23:04:18 - [TEST_STEP][PASSED] - setText(findTestObject("OR_Website/Page_SehatQ  Portal Informasi Terbaru Seputar Coronavirus/Input_Email"), Input_Email): Text 'coba12@mail.com' is set on object 'Object Repository/OR_Website/Page_SehatQ  Portal Informasi Terbaru Seputar Coronavirus/Input_Email'

2021-11-03 23:04:20 - [MESSAGE][PASSED] - Text 'coba12@mail.com' is set on object 'Object Repository/OR_Website/Page_SehatQ  Portal Informasi Terbaru Seputar Coronavirus/Input_Email'

2021-11-03 23:04:20 - [TEST_STEP][PASSED] - setText(findTestObject("OR_Website/Page_SehatQ  Portal Informasi Terbaru Seputar Coronavirus/Input_Password_Email"), Input_Password_Email): Text '123456' is set on object 'Object Repository/OR_Website/Page_SehatQ  Portal Informasi Terbaru Seputar Coronavirus/Input_Password_Email'

2021-11-03 23:04:21 - [MESSAGE][PASSED] - Text '123456' is set on object 'Object Repository/OR_Website/Page_SehatQ  Portal Informasi Terbaru Seputar Coronavirus/Input_Password_Email'

2021-11-03 23:04:21 - [TEST_STEP][PASSED] - click(findTestObject("OR_Website/Page_SehatQ  Portal Informasi Terbaru Seputar Coronavirus/View_Password")): Object: 'Object Repository/OR_Website/Page_SehatQ  Portal Informasi Terbaru Seputar Coronavirus/View_Password' is clicked on

2021-11-03 23:04:22 - [MESSAGE][PASSED] - Object: 'Object Repository/OR_Website/Page_SehatQ  Portal Informasi Terbaru Seputar Coronavirus/View_Password' is clicked on

2021-11-03 23:04:22 - [TEST_STEP][PASSED] - check(findTestObject("OR_Website/Page_SehatQ  Portal Informasi Terbaru Seputar Coronavirus/Click_Saya menyetujui Ketentuan dan Kebijakan Privasi di SehatQ")): Object 'Object Repository/OR_Website/Page_SehatQ  Portal Informasi Terbaru Seputar Coronavirus/Click_Saya menyetujui Ketentuan dan Kebijakan Privasi di SehatQ' is checked

2021-11-03 23:04:22 - [MESSAGE][PASSED] - Object 'Object Repository/OR_Website/Page_SehatQ  Portal Informasi Terbaru Seputar Coronavirus/Click_Saya menyetujui Ketentuan dan Kebijakan Privasi di SehatQ' is checked

2021-11-03 23:04:22 - [TEST_STEP][PASSED] - click(findTestObject("OR_Website/Page_SehatQ  Portal Informasi Terbaru Seputar Coronavirus/Button_Daftar")): Object: 'Object Repository/OR_Website/Page_SehatQ  Portal Informasi Terbaru Seputar Coronavirus/Button_Daftar' is clicked on

2021-11-03 23:04:23 - [MESSAGE][PASSED] - Object: 'Object Repository/OR_Website/Page_SehatQ  Portal Informasi Terbaru Seputar Coronavirus/Button_Daftar' is clicked on

2021-11-03 23:04:23 - [TEST_STEP][PASSED] - delay(3): Delayed 3 second(s)

2021-11-03 23:04:26 - [MESSAGE][PASSED] - Delayed 3 second(s)

2021-11-03 23:04:26 - [TEST_STEP][PASSED] - if (Action == "sudah terdaftar"): null

2021-11-03 23:04:26 - [TEST_STEP][PASSED] - else: Object: 'Object Repository/OR_Website/Page_SehatQ  Portal Informasi Terbaru Seputar Coronavirus/button_Login' is clicked on

2021-11-03 23:04:26 - [TEST_STEP][PASSED] - click(findTestObject("OR_Website/Page_SehatQ  Portal Informasi Terbaru Seputar Coronavirus/Klik_Lewati")): Object: 'Object Repository/OR_Website/Page_SehatQ  Portal Informasi Terbaru Seputar Coronavirus/Klik_Lewati' is clicked on

2021-11-03 23:04:30 - [MESSAGE][PASSED] - Object: 'Object Repository/OR_Website/Page_SehatQ  Portal Informasi Terbaru Seputar Coronavirus/Klik_Lewati' is clicked on

2021-11-03 23:04:30 - [TEST_STEP][PASSED] - delay(3): Delayed 3 second(s)

2021-11-03 23:04:33 - [MESSAGE][PASSED] - Delayed 3 second(s)

2021-11-03 23:04:33 - [TEST_STEP][PASSED] - click(findTestObject("OR_Website/Page_SehatQ  Portal Informasi Terbaru Seputar Coronavirus/Klik_Profile_Logout")): Object: 'Object Repository/OR_Website/Page_SehatQ  Portal Informasi Terbaru Seputar Coronavirus/Klik_Profile_Logout' is clicked on

2021-11-03 23:04:35 - [MESSAGE][PASSED] - Object: 'Object Repository/OR_Website/Page_SehatQ  Portal Informasi Terbaru Seputar Coronavirus/Klik_Profile_Logout' is clicked on

2021-11-03 23:04:35 - [TEST_STEP][PASSED] - click(findTestObject("OR_Website/Page_SehatQ  Portal Informasi Terbaru Seputar Coronavirus/Log_Out")): Object: 'Object Repository/OR_Website/Page_SehatQ  Portal Informasi Terbaru Seputar Coronavirus/Log_Out' is clicked on

2021-11-03 23:04:37 - [MESSAGE][PASSED] - Object: 'Object Repository/OR_Website/Page_SehatQ  Portal Informasi Terbaru Seputar Coronavirus/Log_Out' is clicked on

2021-11-03 23:04:37 - [TEST_STEP][PASSED] - click(findTestObject("OR_Website/Page_SehatQ  Portal Informasi Terbaru Seputar Coronavirus/Klik_Profile")): Object: 'Object Repository/OR_Website/Page_SehatQ  Portal Informasi Terbaru Seputar Coronavirus/Klik_Profile' is clicked on

2021-11-03 23:04:41 - [MESSAGE][PASSED] - Object: 'Object Repository/OR_Website/Page_SehatQ  Portal Informasi Terbaru Seputar Coronavirus/Klik_Profile' is clicked on

2021-11-03 23:04:41 - [TEST_STEP][PASSED] - setText(findTestObject("OR_Website/Page_SehatQ  Portal Informasi Terbaru Seputar Coronavirus/Input_Email_Login"), Input_Email_Login): Text 'coba12@mail.com' is set on object 'Object Repository/OR_Website/Page_SehatQ  Portal Informasi Terbaru Seputar Coronavirus/Input_Email_Login'

2021-11-03 23:04:43 - [MESSAGE][PASSED] - Text 'coba12@mail.com' is set on object 'Object Repository/OR_Website/Page_SehatQ  Portal Informasi Terbaru Seputar Coronavirus/Input_Email_Login'

2021-11-03 23:04:43 - [TEST_STEP][PASSED] - setText(findTestObject("OR_Website/Page_SehatQ  Portal Informasi Terbaru Seputar Coronavirus/Input_Password_Login"), Input_Password_Login): Text '123456' is set on object 'Object Repository/OR_Website/Page_SehatQ  Portal Informasi Terbaru Seputar Coronavirus/Input_Password_Login'

2021-11-03 23:04:44 - [MESSAGE][PASSED] - Text '123456' is set on object 'Object Repository/OR_Website/Page_SehatQ  Portal Informasi Terbaru Seputar Coronavirus/Input_Password_Login'

2021-11-03 23:04:44 - [TEST_STEP][PASSED] - click(findTestObject("OR_Website/Page_SehatQ  Portal Informasi Terbaru Seputar Coronavirus/button_Login")): Object: 'Object Repository/OR_Website/Page_SehatQ  Portal Informasi Terbaru Seputar Coronavirus/button_Login' is clicked on

2021-11-03 23:04:44 - [MESSAGE][PASSED] - Object: 'Object Repository/OR_Website/Page_SehatQ  Portal Informasi Terbaru Seputar Coronavirus/button_Login' is clicked on]]></system-out>
         <system-err><![CDATA[]]></system-err>
      </testcase>
      <system-out><![CDATA[2021-11-03 23:03:44 - [TEST_SUITE][PASSED] - Register_Login_Cart: Test Cases/Web SehatQ/Register_Login_Cart]]></system-out>
      <system-err><![CDATA[]]></system-err>
   </testsuite>
</testsuites>
