<?xml version="1.0" encoding="UTF-8"?>
<testsuites name="Login" time="303.522" tests="3" failures="0" errors="0">
   <testsuite name="Login" tests="3" failures="0" errors="0" time="303.522" skipped="0" timestamp="2021-11-06 14:41:42" hostname="Moladin - LAPTOP-GA1E3H5N" id="Test Suites/Apk/Login">
      <properties>
         <property name="deviceName" value="Xiaomi M2003J15SC (Android 10)"/>
         <property name="devicePlatform" value=""/>
         <property name="logFolder" value="C:\\Users\\Moladin\\Downloads\\SehatQ-master\\SehatQ-master\\Reports\\20211106_144131\\Apk\\Login\\20211106_144131"/>
         <property name="logFiles" value="C:\\Users\\Moladin\\Downloads\\SehatQ-master\\SehatQ-master\\Reports\\20211106_144131\\Apk\\Login\\20211106_144131\\appium.log, C:\\Users\\Moladin\\Downloads\\SehatQ-master\\SehatQ-master\\Reports\\20211106_144131\\Apk\\Login\\20211106_144131\\execution0.log"/>
         <property name="attachments" value=""/>
         <property name="hostName" value="Moladin - LAPTOP-GA1E3H5N"/>
         <property name="os" value="Windows 10 64bit"/>
         <property name="appiumServerStatus" value="{&quot;value&quot;:{&quot;build&quot;:{&quot;version&quot;:&quot;1.22.0&quot;}},&quot;sessionId&quot;:null,&quot;status&quot;:0}"/>
         <property name="katalonVersion" value="8.1.0.208"/>
         <property name="deviceOS" value="Android"/>
         <property name="appiumVersion" value="1.22.0"/>
         <property name="deviceModel" value="M2003J15SC"/>
         <property name="hostAddress" value="192.168.100.37"/>
         <property name="deviceManufacturer" value="Xiaomi"/>
         <property name="deviceId" value="20860d7e0410"/>
         <property name="deviceName" value="Xiaomi M2003J15SC (Android 10)"/>
         <property name="deviceOSVersion" value="10"/>
      </properties>
      <testcase name="Test Cases/APK SehatQ/Login" time="93.425" classname="Test Cases/APK SehatQ/Login" status="PASSED">
         <system-out><![CDATA[2021-11-06 14:41:42 - [TEST_CASE][PASSED] - Test Cases/APK SehatQ/Login: Test Cases/APK SehatQ/Login

2021-11-06 14:41:42 - [TEST_STEP][PASSED] - startExistingApplication("com.she.sehatq"): Starting app with application ID: 'com.she.sehatq'

2021-11-06 14:41:44 - [MESSAGE][INFO] - Appium server started on port 60,711

2021-11-06 14:41:56 - [MESSAGE][PASSED] - Starting app with application ID: 'com.she.sehatq'

2021-11-06 14:41:56 - [TEST_STEP][PASSED] - if (waitForElementPresent(findTestObject("OR APK/Aktifkan_Lokasimu"), 10)): Object Object Repository/OR APK/Logo_Login not found

2021-11-06 14:42:06 - [MESSAGE][WARNING] - Object Object Repository/OR APK/Aktifkan_Lokasimu not found

2021-11-06 14:42:36 - [MESSAGE][WARNING] - Object Object Repository/OR APK/Logo_Login not found

2021-11-06 14:42:36 - [TEST_STEP][PASSED] - else if (waitForElementPresent(findTestObject("OR APK/Logo_Login"), 30)): null

2021-11-06 14:42:36 - [TEST_STEP][PASSED] - else: Tapped on element 'Object Repository/OR APK/Klik_Profile'

2021-11-06 14:42:36 - [TEST_STEP][PASSED] - tap(findTestObject("OR APK/Klik_Profile"), 10): Tapped on element 'Object Repository/OR APK/Klik_Profile'

2021-11-06 14:42:37 - [MESSAGE][PASSED] - Tapped on element 'Object Repository/OR APK/Klik_Profile'

2021-11-06 14:42:37 - [TEST_STEP][PASSED] - setText(findTestObject("OR APK/Email_Login"), email, 20): Text 'a@mail.com' has been set to element 'Object Repository/OR APK/Email_Login'

2021-11-06 14:42:39 - [MESSAGE][PASSED] - Text 'a@mail.com' has been set to element 'Object Repository/OR APK/Email_Login'

2021-11-06 14:42:39 - [TEST_STEP][PASSED] - setText(findTestObject("OR APK/Password_Login"), password, 10): Text '123476' has been set to element 'Object Repository/OR APK/Password_Login'

2021-11-06 14:42:41 - [MESSAGE][PASSED] - Text '123476' has been set to element 'Object Repository/OR APK/Password_Login'

2021-11-06 14:42:41 - [TEST_STEP][PASSED] - if (waitForElementPresent(findTestObject("OR APK/Button_Login"), 30)): null

2021-11-06 14:42:42 - [MESSAGE][PASSED] - Element 'Object Repository/OR APK/Button_Login' is present

2021-11-06 14:42:42 - [TEST_STEP][PASSED] - tap(findTestObject("OR APK/Button_Login"), 30): Tapped on element 'Object Repository/OR APK/Button_Login'

2021-11-06 14:42:42 - [MESSAGE][PASSED] - Tapped on element 'Object Repository/OR APK/Button_Login'

2021-11-06 14:42:42 - [TEST_STEP][PASSED] - if (waitForElementPresent(findTestObject("OR APK/Email_atau_Password_salah"), 30)): Element 'Object Repository/OR APK/Email_harus_diisi_dengan_benar' is present

2021-11-06 14:43:12 - [MESSAGE][WARNING] - Object Object Repository/OR APK/Email_atau_Password_salah not found

2021-11-06 14:43:12 - [MESSAGE][PASSED] - Element 'Object Repository/OR APK/Email_harus_diisi_dengan_benar' is present

2021-11-06 14:43:12 - [TEST_STEP][PASSED] - else if (waitForElementPresent(findTestObject("OR APK/Email_harus_diisi_dengan_benar"), 30)): Element 'Object Repository/OR APK/Hapus_Password' text is cleared

2021-11-06 14:43:12 - [TEST_STEP][PASSED] - tap(findTestObject("OR APK/Klik_OK_2"), 30): Tapped on element 'Object Repository/OR APK/Klik_OK_2'

2021-11-06 14:43:13 - [MESSAGE][PASSED] - Tapped on element 'Object Repository/OR APK/Klik_OK_2'

2021-11-06 14:43:13 - [TEST_STEP][PASSED] - clearText(findTestObject("OR APK/Hapus_Email"), 30): Element 'Object Repository/OR APK/Hapus_Email' text is cleared

2021-11-06 14:43:14 - [MESSAGE][PASSED] - Element 'Object Repository/OR APK/Hapus_Email' text is cleared

2021-11-06 14:43:14 - [TEST_STEP][PASSED] - clearText(findTestObject("OR APK/Hapus_Password"), 30): Element 'Object Repository/OR APK/Hapus_Password' text is cleared

2021-11-06 14:43:15 - [MESSAGE][PASSED] - Element 'Object Repository/OR APK/Hapus_Password' text is cleared

2021-11-06 14:43:15 - [TEST_STEP][PASSED] - closeApplication(): Close app successfully

2021-11-06 14:43:15 - [MESSAGE][PASSED] - Close app successfully]]></system-out>
         <system-err><![CDATA[]]></system-err>
      </testcase>
      <testcase name="Test Cases/APK SehatQ/Login" time="88.275" classname="Test Cases/APK SehatQ/Login" status="PASSED">
         <system-out><![CDATA[2021-11-06 14:43:16 - [TEST_CASE][PASSED] - Test Cases/APK SehatQ/Login: Test Cases/APK SehatQ/Login

2021-11-06 14:43:16 - [TEST_STEP][PASSED] - startExistingApplication("com.she.sehatq"): Starting app with application ID: 'com.she.sehatq'

2021-11-06 14:43:17 - [MESSAGE][INFO] - Appium server started on port 60,898

2021-11-06 14:43:26 - [MESSAGE][PASSED] - Starting app with application ID: 'com.she.sehatq'

2021-11-06 14:43:26 - [TEST_STEP][PASSED] - if (waitForElementPresent(findTestObject("OR APK/Aktifkan_Lokasimu"), 10)): Element 'Object Repository/OR APK/Logo_Login' is present

2021-11-06 14:43:36 - [MESSAGE][WARNING] - Object Object Repository/OR APK/Aktifkan_Lokasimu not found

2021-11-06 14:43:37 - [MESSAGE][PASSED] - Element 'Object Repository/OR APK/Logo_Login' is present

2021-11-06 14:43:37 - [TEST_STEP][PASSED] - else if (waitForElementPresent(findTestObject("OR APK/Logo_Login"), 30)): Tapped on element 'Object Repository/OR APK/Logo_Login'

2021-11-06 14:43:37 - [TEST_STEP][PASSED] - tap(findTestObject("OR APK/Logo_Login"), 30): Tapped on element 'Object Repository/OR APK/Logo_Login'

2021-11-06 14:43:37 - [MESSAGE][PASSED] - Tapped on element 'Object Repository/OR APK/Logo_Login'

2021-11-06 14:43:37 - [TEST_STEP][PASSED] - setText(findTestObject("OR APK/Email_Login"), email, 20): Text 'aj@mail.com' has been set to element 'Object Repository/OR APK/Email_Login'

2021-11-06 14:43:38 - [MESSAGE][PASSED] - Text 'aj@mail.com' has been set to element 'Object Repository/OR APK/Email_Login'

2021-11-06 14:43:38 - [TEST_STEP][PASSED] - setText(findTestObject("OR APK/Password_Login"), password, 10): Text '238743847' has been set to element 'Object Repository/OR APK/Password_Login'

2021-11-06 14:43:40 - [MESSAGE][PASSED] - Text '238743847' has been set to element 'Object Repository/OR APK/Password_Login'

2021-11-06 14:43:40 - [TEST_STEP][PASSED] - if (waitForElementPresent(findTestObject("OR APK/Button_Login"), 30)): Object Object Repository/OR APK/Button_Login not found

2021-11-06 14:44:10 - [MESSAGE][WARNING] - Object Object Repository/OR APK/Button_Login not found

2021-11-06 14:44:10 - [TEST_STEP][PASSED] - else: Tapped on element 'Object Repository/OR APK/Klik_Lanjut'

2021-11-06 14:44:10 - [TEST_STEP][PASSED] - tap(findTestObject("OR APK/Klik_Lanjut"), 30): Tapped on element 'Object Repository/OR APK/Klik_Lanjut'

2021-11-06 14:44:11 - [MESSAGE][PASSED] - Tapped on element 'Object Repository/OR APK/Klik_Lanjut'

2021-11-06 14:44:11 - [TEST_STEP][PASSED] - if (waitForElementPresent(findTestObject("OR APK/Email_atau_Password_salah"), 30)): Element 'Object Repository/OR APK/Email_harus_diisi_dengan_benar' is present

2021-11-06 14:44:41 - [MESSAGE][WARNING] - Object Object Repository/OR APK/Email_atau_Password_salah not found

2021-11-06 14:44:41 - [MESSAGE][PASSED] - Element 'Object Repository/OR APK/Email_harus_diisi_dengan_benar' is present

2021-11-06 14:44:41 - [TEST_STEP][PASSED] - else if (waitForElementPresent(findTestObject("OR APK/Email_harus_diisi_dengan_benar"), 30)): Element 'Object Repository/OR APK/Hapus_Password' text is cleared

2021-11-06 14:44:41 - [TEST_STEP][PASSED] - tap(findTestObject("OR APK/Klik_OK_2"), 30): Tapped on element 'Object Repository/OR APK/Klik_OK_2'

2021-11-06 14:44:41 - [MESSAGE][PASSED] - Tapped on element 'Object Repository/OR APK/Klik_OK_2'

2021-11-06 14:44:41 - [TEST_STEP][PASSED] - clearText(findTestObject("OR APK/Hapus_Email"), 30): Element 'Object Repository/OR APK/Hapus_Email' text is cleared

2021-11-06 14:44:43 - [MESSAGE][PASSED] - Element 'Object Repository/OR APK/Hapus_Email' text is cleared

2021-11-06 14:44:43 - [TEST_STEP][PASSED] - clearText(findTestObject("OR APK/Hapus_Password"), 30): Element 'Object Repository/OR APK/Hapus_Password' text is cleared

2021-11-06 14:44:43 - [MESSAGE][PASSED] - Element 'Object Repository/OR APK/Hapus_Password' text is cleared

2021-11-06 14:44:43 - [TEST_STEP][PASSED] - closeApplication(): Close app successfully

2021-11-06 14:44:44 - [MESSAGE][PASSED] - Close app successfully]]></system-out>
         <system-err><![CDATA[]]></system-err>
      </testcase>
      <testcase name="Test Cases/APK SehatQ/Login" time="121.194" classname="Test Cases/APK SehatQ/Login" status="PASSED">
         <system-out><![CDATA[2021-11-06 14:44:44 - [TEST_CASE][PASSED] - Test Cases/APK SehatQ/Login: Test Cases/APK SehatQ/Login

2021-11-06 14:44:44 - [TEST_STEP][PASSED] - startExistingApplication("com.she.sehatq"): Starting app with application ID: 'com.she.sehatq'

2021-11-06 14:44:45 - [MESSAGE][INFO] - Appium server started on port 61,144

2021-11-06 14:44:54 - [MESSAGE][PASSED] - Starting app with application ID: 'com.she.sehatq'

2021-11-06 14:44:54 - [TEST_STEP][PASSED] - if (waitForElementPresent(findTestObject("OR APK/Aktifkan_Lokasimu"), 10)): Element 'Object Repository/OR APK/Logo_Login' is present

2021-11-06 14:45:05 - [MESSAGE][WARNING] - Object Object Repository/OR APK/Aktifkan_Lokasimu not found

2021-11-06 14:45:05 - [MESSAGE][PASSED] - Element 'Object Repository/OR APK/Logo_Login' is present

2021-11-06 14:45:05 - [TEST_STEP][PASSED] - else if (waitForElementPresent(findTestObject("OR APK/Logo_Login"), 30)): Tapped on element 'Object Repository/OR APK/Logo_Login'

2021-11-06 14:45:05 - [TEST_STEP][PASSED] - tap(findTestObject("OR APK/Logo_Login"), 30): Tapped on element 'Object Repository/OR APK/Logo_Login'

2021-11-06 14:45:06 - [MESSAGE][PASSED] - Tapped on element 'Object Repository/OR APK/Logo_Login'

2021-11-06 14:45:06 - [TEST_STEP][PASSED] - setText(findTestObject("OR APK/Email_Login"), email, 20): Text 'a2@mail.com' has been set to element 'Object Repository/OR APK/Email_Login'

2021-11-06 14:45:07 - [MESSAGE][PASSED] - Text 'a2@mail.com' has been set to element 'Object Repository/OR APK/Email_Login'

2021-11-06 14:45:07 - [TEST_STEP][PASSED] - setText(findTestObject("OR APK/Password_Login"), password, 10): Text '123456' has been set to element 'Object Repository/OR APK/Password_Login'

2021-11-06 14:45:09 - [MESSAGE][PASSED] - Text '123456' has been set to element 'Object Repository/OR APK/Password_Login'

2021-11-06 14:45:09 - [TEST_STEP][PASSED] - if (waitForElementPresent(findTestObject("OR APK/Button_Login"), 30)): Object Object Repository/OR APK/Button_Login not found

2021-11-06 14:45:39 - [MESSAGE][WARNING] - Object Object Repository/OR APK/Button_Login not found

2021-11-06 14:45:39 - [TEST_STEP][PASSED] - else: Tapped on element 'Object Repository/OR APK/Klik_Lanjut'

2021-11-06 14:45:39 - [TEST_STEP][PASSED] - tap(findTestObject("OR APK/Klik_Lanjut"), 30): Tapped on element 'Object Repository/OR APK/Klik_Lanjut'

2021-11-06 14:45:39 - [MESSAGE][PASSED] - Tapped on element 'Object Repository/OR APK/Klik_Lanjut'

2021-11-06 14:45:39 - [TEST_STEP][PASSED] - if (waitForElementPresent(findTestObject("OR APK/Email_atau_Password_salah"), 30)): Object Object Repository/OR APK/Email_harus_diisi_dengan_benar not found

2021-11-06 14:46:09 - [MESSAGE][WARNING] - Object Object Repository/OR APK/Email_atau_Password_salah not found

2021-11-06 14:46:40 - [MESSAGE][WARNING] - Object Object Repository/OR APK/Email_harus_diisi_dengan_benar not found

2021-11-06 14:46:40 - [TEST_STEP][PASSED] - else if (waitForElementPresent(findTestObject("OR APK/Email_harus_diisi_dengan_benar"), 30)): null

2021-11-06 14:46:40 - [TEST_STEP][PASSED] - else: Tapped on element 'Object Repository/OR APK/Button_Logout'

2021-11-06 14:46:40 - [TEST_STEP][PASSED] - tap(findTestObject("OR APK/Klik_Lewati_after_Login"), 30): Tapped on element 'Object Repository/OR APK/Klik_Lewati_after_Login'

2021-11-06 14:46:40 - [MESSAGE][PASSED] - Tapped on element 'Object Repository/OR APK/Klik_Lewati_after_Login'

2021-11-06 14:46:40 - [TEST_STEP][PASSED] - tap(findTestObject("OR APK/Yakin_Lewati_Pendaftaran_Ya"), 30): Tapped on element 'Object Repository/OR APK/Yakin_Lewati_Pendaftaran_Ya'

2021-11-06 14:46:41 - [MESSAGE][PASSED] - Tapped on element 'Object Repository/OR APK/Yakin_Lewati_Pendaftaran_Ya'

2021-11-06 14:46:41 - [TEST_STEP][PASSED] - tap(findTestObject("OR APK/Klik_hamburger_Profile"), 30): Tapped on element 'Object Repository/OR APK/Klik_hamburger_Profile'

2021-11-06 14:46:42 - [MESSAGE][PASSED] - Tapped on element 'Object Repository/OR APK/Klik_hamburger_Profile'

2021-11-06 14:46:42 - [TEST_STEP][PASSED] - tap(findTestObject("OR APK/Klik_Pengaturan_Aplikasi"), 30): Tapped on element 'Object Repository/OR APK/Klik_Pengaturan_Aplikasi'

2021-11-06 14:46:44 - [MESSAGE][PASSED] - Tapped on element 'Object Repository/OR APK/Klik_Pengaturan_Aplikasi'

2021-11-06 14:46:44 - [TEST_STEP][PASSED] - tap(findTestObject("OR APK/Button_Logout"), 30): Tapped on element 'Object Repository/OR APK/Button_Logout'

2021-11-06 14:46:45 - [MESSAGE][PASSED] - Tapped on element 'Object Repository/OR APK/Button_Logout'

2021-11-06 14:46:45 - [TEST_STEP][PASSED] - closeApplication(): Close app successfully

2021-11-06 14:46:45 - [MESSAGE][PASSED] - Close app successfully]]></system-out>
         <system-err><![CDATA[]]></system-err>
      </testcase>
      <system-out><![CDATA[2021-11-06 14:41:42 - [TEST_SUITE][PASSED] - Login: Test Cases/APK SehatQ/Login]]></system-out>
      <system-err><![CDATA[]]></system-err>
   </testsuite>
</testsuites>
