<?xml version="1.0" encoding="UTF-8"?>
<testsuites name="Cart" time="57.155" tests="1" failures="0" errors="0">
   <testsuite name="Cart" tests="1" failures="0" errors="0" time="57.155" skipped="0" timestamp="2021-11-05 09:24:41" hostname="muhammadyaasin - localhost" id="Test Suites/Web/Cart">
      <properties>
         <property name="deviceName" value=""/>
         <property name="devicePlatform" value=""/>
         <property name="logFolder" value="/Users/muhammadyaasin/Katalon Studio/SehatQ/Reports/20211105_092431/Web/Cart/20211105_092431"/>
         <property name="logFiles" value="/Users/muhammadyaasin/Katalon Studio/SehatQ/Reports/20211105_092431/Web/Cart/20211105_092431/execution0.log"/>
         <property name="attachments" value=""/>
         <property name="hostName" value="muhammadyaasin - localhost"/>
         <property name="os" value="Mac OS X 64bit"/>
         <property name="katalonVersion" value="8.1.0.208"/>
         <property name="browser" value="Chrome 95.0.4638.69"/>
         <property name="hostAddress" value="127.0.0.1"/>
         <property name="sessionId" value="990f22c991df1a096b00dd4d3998c009"/>
         <property name="seleniumVersion" value="3.141.59"/>
         <property name="proxyInformation" value="ProxyInformation { proxyOption=NO_PROXY, proxyServerType=HTTP, username=, password=********, proxyServerAddress=, proxyServerPort=0, executionList=&quot;&quot;, isApplyToDesiredCapabilities=true }"/>
         <property name="platform" value="Mac OS X"/>
      </properties>
      <testcase name="Test Cases/Web SehatQ/Cart" time="56.393" classname="Test Cases/Web SehatQ/Cart" status="PASSED">
         <system-out><![CDATA[2021-11-05 09:24:42 - [TEST_CASE][PASSED] - Test Cases/Web SehatQ/Cart: Test Cases/Web SehatQ/Cart

2021-11-05 09:24:42 - [TEST_STEP][PASSED] - callTestCase(findTestCase("Web SehatQ/Setup"), [:], STOP_ON_FAILURE): Call Test Case 'Test Cases/Web SehatQ/Setup' successfully

2021-11-05 09:24:42 - [TEST_CASE][PASSED] - Test Cases/Web SehatQ/Setup: Test Cases/Web SehatQ/Setup

2021-11-05 09:24:42 - [TEST_STEP][PASSED] - openBrowser("https://www.sehatq.com/"): Browser is opened with url: 'https://www.sehatq.com/'

2021-11-05 09:24:42 - [MESSAGE][INFO] - Starting 'Chrome' driver

2021-11-05 09:24:42 - [MESSAGE][INFO] - Action delay is set to 0 milliseconds

2021-11-05 09:24:47 - [MESSAGE][PASSED] - Browser is opened with url: 'https://www.sehatq.com/'

2021-11-05 09:24:47 - [TEST_STEP][PASSED] - maximizeWindow(): Current window maximized

2021-11-05 09:24:49 - [MESSAGE][PASSED] - Current window maximized

2021-11-05 09:24:49 - [MESSAGE][PASSED] - Call Test Case 'Test Cases/Web SehatQ/Setup' successfully

2021-11-05 09:24:49 - [TEST_STEP][PASSED] - click(findTestObject("OR_Website/Page_SehatQ  Portal Informasi Terbaru Seputar Coronavirus/Klik_Profile")): Object: 'Object Repository/OR_Website/Page_SehatQ  Portal Informasi Terbaru Seputar Coronavirus/Klik_Profile' is clicked on

2021-11-05 09:24:52 - [MESSAGE][PASSED] - Object: 'Object Repository/OR_Website/Page_SehatQ  Portal Informasi Terbaru Seputar Coronavirus/Klik_Profile' is clicked on

2021-11-05 09:24:52 - [TEST_STEP][PASSED] - setText(findTestObject("OR_Website/Page_SehatQ  Portal Informasi Terbaru Seputar Coronavirus/Input_Email_Login"), Email): Text 'a2@mail.com' is set on object 'Object Repository/OR_Website/Page_SehatQ  Portal Informasi Terbaru Seputar Coronavirus/Input_Email_Login'

2021-11-05 09:24:54 - [MESSAGE][PASSED] - Text 'a2@mail.com' is set on object 'Object Repository/OR_Website/Page_SehatQ  Portal Informasi Terbaru Seputar Coronavirus/Input_Email_Login'

2021-11-05 09:24:54 - [TEST_STEP][PASSED] - setText(findTestObject("OR_Website/Page_SehatQ  Portal Informasi Terbaru Seputar Coronavirus/Input_Password_Login"), Password): Text '123456' is set on object 'Object Repository/OR_Website/Page_SehatQ  Portal Informasi Terbaru Seputar Coronavirus/Input_Password_Login'

2021-11-05 09:24:55 - [MESSAGE][PASSED] - Text '123456' is set on object 'Object Repository/OR_Website/Page_SehatQ  Portal Informasi Terbaru Seputar Coronavirus/Input_Password_Login'

2021-11-05 09:24:55 - [TEST_STEP][PASSED] - click(findTestObject("OR_Website/Page_SehatQ  Portal Informasi Terbaru Seputar Coronavirus/button_Login")): Object: 'Object Repository/OR_Website/Page_SehatQ  Portal Informasi Terbaru Seputar Coronavirus/button_Login' is clicked on

2021-11-05 09:24:56 - [MESSAGE][PASSED] - Object: 'Object Repository/OR_Website/Page_SehatQ  Portal Informasi Terbaru Seputar Coronavirus/button_Login' is clicked on

2021-11-05 09:24:56 - [TEST_STEP][PASSED] - waitForElementPresent(findTestObject("OR_Website/Page_SehatQ  Portal Informasi Terbaru Seputar Coronavirus/Select_Cart"), 3): Object 'Object Repository/OR_Website/Page_SehatQ  Portal Informasi Terbaru Seputar Coronavirus/Select_Cart' is present

2021-11-05 09:25:01 - [MESSAGE][PASSED] - Object 'Object Repository/OR_Website/Page_SehatQ  Portal Informasi Terbaru Seputar Coronavirus/Select_Cart' is present

2021-11-05 09:25:01 - [TEST_STEP][PASSED] - click(findTestObject("OR_Website/Page_SehatQ  Portal Informasi Terbaru Seputar Coronavirus/Select_Cart")): Object: 'Object Repository/OR_Website/Page_SehatQ  Portal Informasi Terbaru Seputar Coronavirus/Select_Cart' is clicked on

2021-11-05 09:25:03 - [MESSAGE][PASSED] - Object: 'Object Repository/OR_Website/Page_SehatQ  Portal Informasi Terbaru Seputar Coronavirus/Select_Cart' is clicked on

2021-11-05 09:25:03 - [TEST_STEP][PASSED] - click(findTestObject("OR_Website/Page_SehatQ  Portal Informasi Terbaru Seputar Coronavirus/button_Belanja Sekarang")): Object: 'Object Repository/OR_Website/Page_SehatQ  Portal Informasi Terbaru Seputar Coronavirus/button_Belanja Sekarang' is clicked on

2021-11-05 09:25:20 - [MESSAGE][PASSED] - Object: 'Object Repository/OR_Website/Page_SehatQ  Portal Informasi Terbaru Seputar Coronavirus/button_Belanja Sekarang' is clicked on

2021-11-05 09:25:20 - [TEST_STEP][PASSED] - click(findTestObject("OR_Website/Page_SehatQ  Portal Informasi Terbaru Seputar Coronavirus/Select_Jenis_Product")): Object: 'Object Repository/OR_Website/Page_SehatQ  Portal Informasi Terbaru Seputar Coronavirus/Select_Jenis_Product' is clicked on

2021-11-05 09:25:25 - [MESSAGE][PASSED] - Object: 'Object Repository/OR_Website/Page_SehatQ  Portal Informasi Terbaru Seputar Coronavirus/Select_Jenis_Product' is clicked on

2021-11-05 09:25:25 - [TEST_STEP][PASSED] - click(findTestObject("OR_Website/Page_SehatQ  Portal Informasi Terbaru Seputar Coronavirus/Pilih_Product")): Object: 'Object Repository/OR_Website/Page_SehatQ  Portal Informasi Terbaru Seputar Coronavirus/Pilih_Product' is clicked on

2021-11-05 09:25:26 - [MESSAGE][PASSED] - Object: 'Object Repository/OR_Website/Page_SehatQ  Portal Informasi Terbaru Seputar Coronavirus/Pilih_Product' is clicked on

2021-11-05 09:25:26 - [TEST_STEP][PASSED] - click(findTestObject("OR_Website/Page_SehatQ  Portal Informasi Terbaru Seputar Coronavirus/button_Keranjang")): Object: 'Object Repository/OR_Website/Page_SehatQ  Portal Informasi Terbaru Seputar Coronavirus/button_Keranjang' is clicked on

2021-11-05 09:25:29 - [MESSAGE][PASSED] - Object: 'Object Repository/OR_Website/Page_SehatQ  Portal Informasi Terbaru Seputar Coronavirus/button_Keranjang' is clicked on

2021-11-05 09:25:29 - [TEST_STEP][PASSED] - waitForElementPresent(findTestObject("OR_Website/Notif_Produk berhasil ditambahkan"), 3): Object 'Object Repository/OR_Website/Notif_Produk berhasil ditambahkan' is not present after 3 second(s)

2021-11-05 09:25:33 - [MESSAGE][INFO] - Unable to find the element located by 'By.xpath: '. Please recheck the objects properties to make sure the desired element is located. 

2021-11-05 09:25:33 - [MESSAGE][WARNING] - Object 'Object Repository/OR_Website/Notif_Produk berhasil ditambahkan' is not present after 3 second(s)

2021-11-05 09:25:33 - [TEST_STEP][PASSED] - click(findTestObject("OR_Website/Check_Cart")): Object: 'Object Repository/OR_Website/Check_Cart' is clicked on

2021-11-05 09:25:34 - [MESSAGE][PASSED] - Object: 'Object Repository/OR_Website/Check_Cart' is clicked on

2021-11-05 09:25:34 - [TEST_STEP][PASSED] - waitForElementPresent(findTestObject("OR_Website/Notif_Waiting_Success"), 3): Object 'Object Repository/OR_Website/Notif_Waiting_Success' is present

2021-11-05 09:25:38 - [MESSAGE][PASSED] - Object 'Object Repository/OR_Website/Notif_Waiting_Success' is present]]></system-out>
         <system-err><![CDATA[]]></system-err>
      </testcase>
      <system-out><![CDATA[2021-11-05 09:24:41 - [TEST_SUITE][PASSED] - Cart: Test Cases/Web SehatQ/Cart]]></system-out>
      <system-err><![CDATA[]]></system-err>
   </testsuite>
</testsuites>
